15:34:37,639 __main__ DEBUG Registering ebs systems.
15:34:37,640 __main__ DEBUG Setting gl configuration.
15:34:37,640 __main__ DEBUG Multisampling enabled.
15:34:37,642 __main__ INFO Initializing main window.
15:34:37,648 __main__ INFO Applying window settings.
15:34:37,649 __main__ DEBUG Setting GL flags for pixel scaling.
15:34:37,649 __main__ INFO Render resolution set to 360x225.
15:34:37,649 __main__ INFO Loading textures...
15:34:37,742 PIL.PngImagePlugin DEBUG STREAM b'IHDR' 16 13
15:34:37,743 PIL.PngImagePlugin DEBUG STREAM b'IDAT' 41 127
15:34:37,744 PIL.PngImagePlugin DEBUG STREAM b'IHDR' 16 13
15:34:37,744 PIL.PngImagePlugin DEBUG STREAM b'IDAT' 41 102
15:34:37,758 __main__ INFO Loading sounds...
15:34:37,783 __main__ DEBUG Defining graphics batches.
15:34:37,783 __main__ INFO Initializing media player.
15:34:37,783 __main__ DEBUG Queuing background music...
15:34:37,821 __main__ DEBUG Loading game editor.
15:34:37,821 __main__ INFO Creating physics space.
15:34:37,821 __main__ DEBUG Loading background and foreground sprites.
15:34:37,823 __main__ INFO Spawning static game objects.
15:34:37,828 __main__ INFO Creating outer boundaries for game area.
15:34:37,828 __main__ INFO Spawning player.
15:34:37,829 __main__ DEBUG No texture with identifier 'player',                 returning debug texture
15:34:37,829 __main__ DEBUG Setting background image.
15:34:37,853 __main__ DEBUG Added sprite to batch 'objects'
15:34:37,853 __main__ DEBUG Added sprite to batch 'objects'
15:34:37,854 __main__ DEBUG Added sprite to batch 'objects'
15:34:37,854 __main__ DEBUG Added sprite to batch 'objects'
15:34:37,854 __main__ DEBUG Added sprite to batch 'objects'
15:34:37,855 __main__ DEBUG Added sprite to batch 'objects'
15:34:37,855 __main__ DEBUG Added sprite to batch 'objects'
15:34:37,855 __main__ DEBUG Added sprite to batch 'objects'
15:34:37,855 __main__ DEBUG Added sprite to batch 'objects'
15:34:37,855 __main__ DEBUG Added sprite to batch 'objects'
15:34:37,856 __main__ DEBUG Added sprite to batch 'objects'
15:34:37,856 __main__ DEBUG Added sprite to batch 'objects'
15:34:37,856 __main__ DEBUG Added sprite to batch 'objects'
15:34:37,856 __main__ DEBUG Added sprite to batch 'objects'
15:34:37,856 __main__ DEBUG Added sprite to batch 'objects'
15:34:37,856 __main__ DEBUG Added sprite to batch 'objects'
15:34:37,857 __main__ DEBUG Added sprite to batch 'objects'
15:34:37,857 __main__ DEBUG Added sprite to batch 'objects'
15:34:37,857 __main__ DEBUG Added sprite to batch 'objects'
15:34:37,857 __main__ DEBUG Added sprite to batch 'bg'
15:34:37,857 __main__ DEBUG Added sprite to batch 'objects'
15:34:37,857 __main__ DEBUG Added sprite to batch 'objects'
15:34:37,858 __main__ DEBUG Added sprite to batch 'objects'
15:34:37,858 __main__ DEBUG Added sprite to batch 'objects'
15:34:37,858 __main__ DEBUG Added sprite to batch 'objects'
15:34:37,858 __main__ DEBUG Added sprite to batch 'objects'
